<?xml version="1.0" encoding="UTF-8"?>
<!-- Generated by org.testng.reporters.JUnitXMLReporter -->
<testsuite ignored="0" hostname="LAPTOP-LCLJAJ2G" failures="0" tests="4" name="Test" time="0.052" errors="0" timestamp="2022-12-29T09:40:45 IST">
  <testcase classname="scripts.TestCase01" name="demo" time="0.013"/>
  <testcase classname="scripts.TestCase4" name="demo" time="0.001"/>
  <testcase classname="scripts.TestCase2" name="demo" time="0.001"/>
  <testcase classname="scripts.TestCase3" name="demo" time="0.0"/>
</testsuite> <!-- Test -->
