<?xml version="1.0" encoding="UTF-8"?>
<testng-results ignored="0" total="4" passed="4" failed="0" skipped="0">
  <reporter-output>
    <line>
      <![CDATA[Hello java ]]>
    </line>
    <line>
      <![CDATA[Hello API ]]>
    </line>
    <line>
      <![CDATA[Hello Python ]]>
    </line>
    <line>
      <![CDATA[Hello API ]]>
    </line>
  </reporter-output>
  <suite started-at="2022-12-29T09:40:45 IST" name="Suite" finished-at="2022-12-29T09:40:45 IST" duration-ms="52">
    <groups>
    </groups>
    <test started-at="2022-12-29T09:40:45 IST" name="Test" finished-at="2022-12-29T09:40:45 IST" duration-ms="52">
      <class name="scripts.TestCase4">
        <test-method signature="demo()[pri:0, instance:scripts.TestCase4@2e4b8173]" started-at="2022-12-29T09:40:45 IST" name="demo" finished-at="2022-12-29T09:40:45 IST" duration-ms="1" status="PASS">
          <reporter-output>
            <line>
              <![CDATA[Hello API ]]>
            </line>
          </reporter-output>
        </test-method> <!-- demo -->
      </class> <!-- scripts.TestCase4 -->
      <class name="scripts.TestCase01">
        <test-method signature="demo()[pri:0, instance:scripts.TestCase01@61230f6a]" started-at="2022-12-29T09:40:45 IST" name="demo" finished-at="2022-12-29T09:40:45 IST" duration-ms="13" status="PASS">
          <reporter-output>
            <line>
              <![CDATA[Hello java ]]>
            </line>
          </reporter-output>
        </test-method> <!-- demo -->
      </class> <!-- scripts.TestCase01 -->
      <class name="scripts.TestCase2">
        <test-method signature="demo()[pri:0, instance:scripts.TestCase2@70e8f8e]" started-at="2022-12-29T09:40:45 IST" name="demo" finished-at="2022-12-29T09:40:45 IST" duration-ms="1" status="PASS">
          <reporter-output>
            <line>
              <![CDATA[Hello Python ]]>
            </line>
          </reporter-output>
        </test-method> <!-- demo -->
      </class> <!-- scripts.TestCase2 -->
      <class name="scripts.TestCase3">
        <test-method signature="demo()[pri:0, instance:scripts.TestCase3@17046283]" started-at="2022-12-29T09:40:45 IST" name="demo" finished-at="2022-12-29T09:40:45 IST" duration-ms="0" status="PASS">
          <reporter-output>
            <line>
              <![CDATA[Hello API ]]>
            </line>
          </reporter-output>
        </test-method> <!-- demo -->
      </class> <!-- scripts.TestCase3 -->
    </test> <!-- Test -->
  </suite> <!-- Suite -->
</testng-results>
